Build started 14/04/2013 21:17:01.
     1>Project "C:\Users\k\Desktop\Project-Liberty\Project-Liberty\Loader\_Loader.vcxproj" on node 2 (Build target(s)).
     1>ClCompile:
         C:\Program Files (x86)\Microsoft Visual Studio 11.0\VC\bin\CL.exe /c /Zi /nologo /W1 /WX- /O2 /Oy- /Gm- /EHsc /MD /GS /fp:precise /Zc:wchar_t /Zc:forScope /Fo"Template\\" /Fd"Template\vc110.pdb" /Gd /TP /analyze- /errorReport:prompt Main.cpp Utils.cpp
         Main.cpp
         Utils.cpp
         Generating Code...
       ResourceCompile:
         C:\Program Files (x86)\Windows Kits\8.0\bin\x86\rc.exe /l"0x0409" /nologo /fo"Template\loader.res" loader.rc 
       Link:
         C:\Program Files (x86)\Microsoft Visual Studio 11.0\VC\bin\link.exe /ERRORREPORT:PROMPT /OUT:"C:\Users\k\Desktop\Project-Liberty\Project-Liberty\Template\Client - Loader.exe" /NOLOGO kernel32.lib user32.lib gdi32.lib winspool.lib comdlg32.lib advapi32.lib shell32.lib ole32.lib oleaut32.lib uuid.lib odbc32.lib odbccp32.lib /MANIFEST /MANIFESTUAC:"level='asInvoker' uiAccess='false'" /manifest:embed /PDB:"C:\Users\k\Desktop\Project-Liberty\Project-Liberty\Template\Client - Loader.pdb" /TLBID:1 /DYNAMICBASE /NXCOMPAT /IMPLIB:"C:\Users\k\Desktop\Project-Liberty\Project-Liberty\Template\Client - Loader.lib" /MACHINE:X86 /SAFESEH Template\loader.res
         Template\Main.obj
         Template\Utils.obj
     1>Main.obj : error LNK2019: unresolved external symbol __imp__PathRemoveFileSpecA@4 referenced in function "void __cdecl GetAppPath(char *,unsigned int)" (?GetAppPath@@YAXPADI@Z)
     1>Main.obj : error LNK2019: unresolved external symbol _EnumProcesses@12 referenced in function "bool __cdecl TerminateGTAIfRunning(void)" (?TerminateGTAIfRunning@@YA_NXZ)
     1>Main.obj : error LNK2019: unresolved external symbol _EnumProcessModules@16 referenced in function "bool __cdecl TerminateGTAIfRunning(void)" (?TerminateGTAIfRunning@@YA_NXZ)
     1>Main.obj : error LNK2019: unresolved external symbol _GetModuleFileNameExA@16 referenced in function "bool __cdecl TerminateGTAIfRunning(void)" (?TerminateGTAIfRunning@@YA_NXZ)
     1>C:\Users\k\Desktop\Project-Liberty\Project-Liberty\Template\Client - Loader.exe : fatal error LNK1120: 4 unresolved externals
     1>Done Building Project "C:\Users\k\Desktop\Project-Liberty\Project-Liberty\Loader\_Loader.vcxproj" (Build target(s)) -- FAILED.

Build FAILED.

Time Elapsed 00:00:01.08
